xcode-select: error: tool 'xcodebuild' requires Xcode, but active developer directory '/Library/Developer/CommandLineTools' is a command line tools instance

xcode-select: error: tool 'xcodebuild' requires Xcode, but active developer directory '/Library/Developer/CommandLineTools' is a command line tools instance

  CXX(target) Release/obj.target/uws/src/Extensions.o
  CXX(target) Release/obj.target/uws/src/Group.o
  CXX(target) Release/obj.target/uws/src/Networking.o
  CXX(target) Release/obj.target/uws/src/Hub.o
  CXX(target) Release/obj.target/uws/src/Node.o
  CXX(target) Release/obj.target/uws/src/WebSocket.o
  CXX(target) Release/obj.target/uws/src/HTTPSocket.o
  CXX(target) Release/obj.target/uws/src/Socket.o
  CXX(target) Release/obj.target/uws/src/addon.o
In file included from ../src/addon.cpp:3:
../src/http.h:149:39: warning: comparison of integers of different signs: 'int' and 'uint32_t' (aka 'unsigned int') [-Wsign-compare]
                    for (int i = 0; i < headers->Length(); i++) {
                                    ~ ^ ~~~~~~~~~~~~~~~~~
1 warning generated.
  SOLINK_MODULE(target) Release/uws.node
  ACTION binding_gyp_action_after_build_target_move_lib uws
/bin/sh: -c: line 0: syntax error near unexpected token `('
/bin/sh: -c: line 0: `LD_LIBRARY_PATH=/Users/israelremache/Documents/3IMDBis2017 (original)/Herexamens/Webtechnologie 2/HerWebtech2/node_modules/uws/build/Release/lib.host:/Users/israelremache/Documents/3IMDBis2017 (original)/Herexamens/Webtechnologie 2/HerWebtech2/node_modules/uws/build/Release/lib.target:$LD_LIBRARY_PATH; export LD_LIBRARY_PATH; cd ../.; cp "/Users/israelremache/Documents/3IMDBis2017 (original)/Herexamens/Webtechnologie 2/HerWebtech2/node_modules/uws/build/Release/uws.node" uws_darwin_46.node'
make: *** [uws] Error 2
gyp ERR! build error 
gyp ERR! stack Error: `make` failed with exit code: 2
gyp ERR! stack     at ChildProcess.onExit (/usr/local/lib/node_modules/npm/node_modules/node-gyp/lib/build.js:276:23)
gyp ERR! stack     at emitTwo (events.js:87:13)
gyp ERR! stack     at ChildProcess.emit (events.js:172:7)
gyp ERR! stack     at Process.ChildProcess._handle.onexit (internal/child_process.js:200:12)
gyp ERR! System Darwin 16.7.0
gyp ERR! command "/usr/local/bin/node" "/usr/local/lib/node_modules/npm/node_modules/node-gyp/bin/node-gyp.js" "rebuild"
gyp ERR! cwd /Users/israelremache/Documents/3IMDBis2017 (original)/Herexamens/Webtechnologie 2/HerWebtech2/node_modules/uws
gyp ERR! node -v v4.5.0
gyp ERR! node-gyp -v v3.4.0
gyp ERR! not ok 
